Test 10:
([3, 27, 18, 2, 18, 0, 25, 21, 4, 18], -22.013404846191406)
10.2640690804
Test 11:
([1, 4, 4, 2, 2, 0, 7, 14, 4, 4, 3], -24.447952270507812)
9.01234292984
Test 12:
([1, 4, 4, 2, 2, 0, 7, 14, 4, 4, 3, 1], -27.384273529052734)
10.7440030575
Test 13:
([1, 4, 4, 2, 2, 0, 7, 14, 4, 4, 3, 1, 0], -29.304567337036133)
10.6662769318
Test 14:
([1, 4, 4, 2, 2, 0, 7, 14, 4, 4, 3, 1, 0, 1], -31.00994873046875)
10.8672950268
Test 15:
([1, 4, 4, 2, 2, 0, 6, 14, 4, 4, 3, 1, 0, 1, 0], -31.889404296875)
13.0272099972
Test 16:
([1, 4, 4, 2, 2, 0, 6, 14, 4, 4, 3, 1, 0, 1, 0, 14], -33.67000961303711)
14.4390828609
Test 17:
([1, 9, 4, 2, 2, 0, 6, 9, 4, 4, 3, 1, 0, 7, 0, 3, 2], -35.82913589477539)
16.8585810661
Test 18:
([1, 9, 4, 2, 2, 0, 6, 9, 4, 4, 3, 1, 0, 7, 0, 3, 2, 0], -37.534751892089844)
20.1509001255
Test 19:
([1, 9, 4, 2, 2, 0, 6, 9, 4, 4, 3, 1, 0, 7, 0, 3, 2, 0, 0], -38.63032531738281)
20.8748230934
Test 20:
([1, 9, 4, 2, 2, 0, 6, 9, 4, 4, 3, 1, 0, 7, 0, 3, 2, 2, 0, 0], -39.45256805419922)
25.3529331684
